<?xml version="1.0" encoding="UTF-8"?>
<!-- Generated by org.testng.reporters.JUnitXMLReporter -->
<testsuite ignored="0" hostname="DESKTOP-8E4VER7" failures="0" tests="8" name="Test" time="0.074" errors="0" timestamp="2024-07-16T10:43:35 IST">
  <testcase classname="Test.Battle" name="Actressacting" time="0.013"/>
  <testcase classname="Test.Battle" name="Actoracting" time="0.001"/>
  <testcase classname="Test.NewTest" name="f" time="0.0"/>
  <testcase classname="Test.TestNG" name="Demo" time="0.001"/>
  <testcase classname="Test.WW1" name="Demo1" time="0.001"/>
  <testcase classname="Test.WW1" name="Actual" time="0.001"/>
  <testcase classname="Test.Stalingrad" name="blitzcreague" time="0.003"/>
  <testcase classname="Test.Stalingrad" name="leningrad" time="0.001"/>
</testsuite> <!-- Test -->
